0 info it worked if it ends with ok
1 verbose cli [ '/Users/robguilfoyle/.nvm/versions/node/v4.2.6/bin/node',
1 verbose cli   '/Users/robguilfoyle/.nvm/versions/node/v4.2.6/bin/npm',
1 verbose cli   'publish' ]
2 info using npm@2.14.12
3 info using node@v4.2.6
4 verbose publish [ '.' ]
5 silly cache add args [ '.', null ]
6 verbose cache add spec .
7 silly cache add parsed spec Result {
7 silly cache add   raw: '.',
7 silly cache add   scope: null,
7 silly cache add   name: null,
7 silly cache add   rawSpec: '.',
7 silly cache add   spec: '/Users/robguilfoyle/Code/JavaScript/botkit-middleware-apiai',
7 silly cache add   type: 'directory' }
8 verbose addLocalDirectory /Users/robguilfoyle/.npm/botkit-middleware-apiai/0.0.2/package.tgz not in flight; packing
9 verbose tar pack [ '/Users/robguilfoyle/.npm/botkit-middleware-apiai/0.0.2/package.tgz',
9 verbose tar pack   '/Users/robguilfoyle/Code/JavaScript/botkit-middleware-apiai' ]
10 verbose tarball /Users/robguilfoyle/.npm/botkit-middleware-apiai/0.0.2/package.tgz
11 verbose folder /Users/robguilfoyle/Code/JavaScript/botkit-middleware-apiai
12 info prepublish botkit-middleware-apiai@0.0.2
13 verbose addLocalTarball adding from inside cache /Users/robguilfoyle/.npm/botkit-middleware-apiai/0.0.2/package.tgz
14 silly cache afterAdd botkit-middleware-apiai@0.0.2
15 verbose afterAdd /Users/robguilfoyle/.npm/botkit-middleware-apiai/0.0.2/package/package.json not in flight; writing
16 verbose afterAdd /Users/robguilfoyle/.npm/botkit-middleware-apiai/0.0.2/package/package.json written
17 silly publish { name: 'botkit-middleware-apiai',
17 silly publish   version: '0.0.2',
17 silly publish   description: 'Middleware for using Api.ai with Botkit-powered bots',
17 silly publish   main: 'src/botkit-middleware-apiai.js',
17 silly publish   scripts: { test: 'echo "Error: no test specified" && exit 1' },
17 silly publish   repository:
17 silly publish    { type: 'git',
17 silly publish      url: 'git+https://github.com/abeai/botkit-middleware-apiai.git' },
17 silly publish   keywords: [ 'botkit', 'apiai', 'bots', 'slack' ],
17 silly publish   author: { name: 'Abe.ai' },
17 silly publish   license: 'MIT',
17 silly publish   bugs: { url: 'https://github.com/abeai/botkit-middleware-apiai/issues' },
17 silly publish   homepage: 'https://github.com/abeai/botkit-middleware-apiai#readme',
17 silly publish   dependencies: { apiai: '^2.0.5' },
17 silly publish   devDependencies: { jscs: '^3.0.3' },
17 silly publish   readme: '# Botkit Middleware Apiai\nThis middleware plugin for [Botkit](http://howdy.ai/botkit) allows you to utilize [Api.ai](http://api.ai), a natural language classifier service directly into the Botkit corebot.\n\nThe Api.ai platform lets developers seamlessly integrate intelligent voice and text based command systems into their products to create consumer-friendly voice/text-enabled user interfaces.\n\n## Setup\nIn order to utilize api.ai\'s service you will need to create an account and an agent. An agent will represent your Bot\'s comprehension skills. Head over to their [sign up page](https://console.api.ai/api-client/#/signup) to get started. After creating an account you will be able to create your first agent and start creating intents. Grab the *developer access token* for your local dev and a *client access token* for production as seen below\n\n![Api.ai Tokens](http://s33.postimg.org/6areug03j/apiai.jpg)\n\nNext you will need to add botkit-middleware-apiai as a dependency to your Botkit bot:\n\n```\nnpm install --save botkit-middleware-apiai\n```\n\nEnable the middleware:\n```\nvar apiai = require(\'botkit-middleware-apiai\')({\n    token: <my_apiai_token>\n});\n\ncontroller.middleware.receive.use(apiai.receive);\n\ncontroller.hears([\'hello\'],\'direct_message\',apiai.hears,function(bot, message) {\n    // ...\n});\n```\n\n## What it does\n\nUsing the Api.ai middleware with Botkit causes every message sent to your bot to be first sent through Api.ai\'s NLP services for processing. The response from Api.ai is then returned in the incoming messages as `message.intent`, `message.entities` for any language entities (dates, places, etc), `message.fulfillment` for Api.ai specific speech fulfillment, `message.confidence` for the confidence interval, and finally the `message.nlpResponse` which represents the raw request as seen below:\n\n    {\n      "id": "XXXX",\n      "timestamp": "2016-05-31T18:20:38.992Z",\n      "result": {\n        "source": "agent",\n        "resolvedQuery": "hello",\n        "action": "",\n        "actionIncomplete": false,\n        "parameters": {},\n        "contexts": [],\n        "metadata": {\n          "intentId": "XXX",\n          "webhookUsed": "false",\n          "intentName": "hello"\n        },\n        "fulfillment": {\n          "speech": ""\n        },\n        "score": 1\n      },\n      "status": {\n        "code": 200,\n        "errorType": "success"\n      }\n    }\n',
17 silly publish   readmeFilename: 'README.md',
17 silly publish   gitHead: '214b4ed81005fcbea12f26371441fb78a096cd7d',
17 silly publish   _id: 'botkit-middleware-apiai@0.0.2',
17 silly publish   _shasum: '9ec46bf6d58d2796533e1999a44dd28d518103d6',
17 silly publish   _from: '.' }
18 verbose getPublishConfig undefined
19 silly mapToRegistry name botkit-middleware-apiai
20 silly mapToRegistry using default registry
21 silly mapToRegistry registry https://registry.npmjs.org/
22 silly mapToRegistry uri https://registry.npmjs.org/botkit-middleware-apiai
23 verbose publish registryBase https://registry.npmjs.org/
24 silly publish uploading /Users/robguilfoyle/.npm/botkit-middleware-apiai/0.0.2/package.tgz
25 verbose request uri https://registry.npmjs.org/botkit-middleware-apiai
26 verbose request sending authorization for write operation
27 info attempt registry request try #1 at 9:23:27 PM
28 verbose request using bearer token for auth
29 verbose request id edc642e6d42bd7db
30 http request PUT https://registry.npmjs.org/botkit-middleware-apiai
31 http 403 https://registry.npmjs.org/botkit-middleware-apiai
32 verbose headers { 'content-type': 'application/json',
32 verbose headers   'cache-control': 'max-age=300',
32 verbose headers   'content-length': '95',
32 verbose headers   'accept-ranges': 'bytes',
32 verbose headers   date: 'Sun, 13 Nov 2016 02:23:28 GMT',
32 verbose headers   via: '1.1 varnish',
32 verbose headers   connection: 'keep-alive',
32 verbose headers   'x-served-by': 'cache-mia1327-MIA',
32 verbose headers   'x-cache': 'MISS',
32 verbose headers   'x-cache-hits': '0',
32 verbose headers   'x-timer': 'S1479003807.287738,VS0,VE995' }
33 verbose request invalidating /Users/robguilfoyle/.npm/registry.npmjs.org/botkit-middleware-apiai on PUT
34 error publish Failed PUT 403
35 verbose stack Error: "You cannot publish over the previously published version 0.0.2." : botkit-middleware-apiai
35 verbose stack     at makeError (/Users/robguilfoyle/.nvm/versions/node/v4.2.6/lib/node_modules/npm/node_modules/npm-registry-client/lib/request.js:264:12)
35 verbose stack     at CachingRegistryClient.<anonymous> (/Users/robguilfoyle/.nvm/versions/node/v4.2.6/lib/node_modules/npm/node_modules/npm-registry-client/lib/request.js:252:14)
35 verbose stack     at Request._callback (/Users/robguilfoyle/.nvm/versions/node/v4.2.6/lib/node_modules/npm/node_modules/npm-registry-client/lib/request.js:172:14)
35 verbose stack     at Request.self.callback (/Users/robguilfoyle/.nvm/versions/node/v4.2.6/lib/node_modules/npm/node_modules/request/request.js:198:22)
35 verbose stack     at emitTwo (events.js:87:13)
35 verbose stack     at Request.emit (events.js:172:7)
35 verbose stack     at Request.<anonymous> (/Users/robguilfoyle/.nvm/versions/node/v4.2.6/lib/node_modules/npm/node_modules/request/request.js:1082:10)
35 verbose stack     at emitOne (events.js:82:20)
35 verbose stack     at Request.emit (events.js:169:7)
35 verbose stack     at IncomingMessage.<anonymous> (/Users/robguilfoyle/.nvm/versions/node/v4.2.6/lib/node_modules/npm/node_modules/request/request.js:1009:12)
36 verbose statusCode 403
37 verbose pkgid botkit-middleware-apiai
38 verbose cwd /Users/robguilfoyle/Code/JavaScript/botkit-middleware-apiai
39 error Darwin 16.0.0
40 error argv "/Users/robguilfoyle/.nvm/versions/node/v4.2.6/bin/node" "/Users/robguilfoyle/.nvm/versions/node/v4.2.6/bin/npm" "publish"
41 error node v4.2.6
42 error npm  v2.14.12
43 error code E403
44 error "You cannot publish over the previously published version 0.0.2." : botkit-middleware-apiai
45 error If you need help, you may report this error at:
45 error     <https://github.com/npm/npm/issues>
46 verbose exit [ 1, true ]
